<?xml version="1.0" encoding="UTF-8"?>
<!-- Generated by org.testng.reporters.JUnitReportReporter -->
<testsuite hostname="LAPTOP-LFU0PBV8" failures="0" tests="1" name="com.salesforce.tests.SalesforceCreateOppourtunity" time="10.225" errors="0" timestamp="2022-05-13T19:02:43 EDT" skipped="0">
  <testcase classname="com.salesforce.tests.SalesforceCreateOppourtunity" name="salesforceCreateStuckOpportunities" time="10.225"/>
  <system-out/>
</testsuite> <!-- com.salesforce.tests.SalesforceCreateOppourtunity -->
