<?xml version="1.0" encoding="UTF-8"?>
<!-- Generated by org.testng.reporters.JUnitReportReporter -->
<testsuite hostname="LAPTOP-LFU0PBV8" failures="0" tests="1" name="com.salesforce.common.tests.TestAccount" time="6.233" errors="0" timestamp="2022-05-09T16:22:10 EDT" skipped="0">
  <testcase classname="com.salesforce.common.tests.TestAccount" name="salesforceAccountsTab" time="6.233"/>
  <system-out/>
</testsuite> <!-- com.salesforce.common.tests.TestAccount -->
