<?xml version="1.0" encoding="UTF-8"?>
<!-- Generated by org.testng.reporters.JUnitReportReporter -->
<testsuite hostname="LAPTOP-LFU0PBV8" failures="0" tests="1" name="com.salesforce.common.tests.SalesforceTests" time="18.225" errors="0" timestamp="2022-05-10T15:59:59 EDT" skipped="0">
  <testcase classname="com.salesforce.common.tests.SalesforceTests" name="salesforceAccountsTab" time="18.225"/>
  <system-out/>
</testsuite> <!-- com.salesforce.common.tests.SalesforceTests -->
