<?xml version="1.0" encoding="UTF-8"?>
<!-- Generated by org.testng.reporters.JUnitReportReporter -->
<testsuite hostname="LAPTOP-LFU0PBV8" failures="0" tests="1" name="com.salesforce.tests.SalesforceCreateAccount" time="12.259" errors="0" timestamp="2022-05-13T00:09:05 EDT" skipped="0">
  <testcase classname="com.salesforce.tests.SalesforceCreateAccount" name="createAccountEditLink" time="12.259"/>
  <system-out/>
</testsuite> <!-- com.salesforce.tests.SalesforceCreateAccount -->
